c:\users\xsilll\source\repos\convert_v001\convert_v001\x64\release\vc145.pdb
c:\users\xsilll\source\repos\convert_v001\convert_v001\x64\release\upload_file.obj
c:\users\xsilll\source\repos\convert_v001\convert_v001\x64\release\system.obj
c:\users\xsilll\source\repos\convert_v001\convert_v001\x64\release\convert.obj
c:\users\xsilll\source\repos\convert_v001\convert_v001\x64\release\guimenu.obj
c:\users\xsilll\source\repos\convert_v001\convert_v001\x64\release\button.obj
c:\users\xsilll\source\repos\convert_v001\convert_v001\x64\release\animation.obj
c:\users\xsilll\source\repos\convert_v001\convert_v001\x64\release\main.obj
c:\users\xsilll\source\repos\convert_v001\convert_v001\x64\release\imgui_widgets.obj
c:\users\xsilll\source\repos\convert_v001\convert_v001\x64\release\imgui_tables.obj
c:\users\xsilll\source\repos\convert_v001\convert_v001\x64\release\imgui_draw.obj
c:\users\xsilll\source\repos\convert_v001\convert_v001\x64\release\imgui_demo.obj
c:\users\xsilll\source\repos\convert_v001\convert_v001\x64\release\imgui.obj
c:\users\xsilll\source\repos\convert_v001\convert_v001\x64\release\imgui_impl_win32.obj
c:\users\xsilll\source\repos\convert_v001\convert_v001\x64\release\imgui_impl_dx11.obj
c:\users\xsilll\source\repos\convert_v001\x64\release\convert_v001.exe
c:\users\xsilll\source\repos\convert_v001\x64\release\convert_v001.pdb
c:\users\xsilll\source\repos\convert_v001\convert_v001\x64\release\convert_v001.ipdb
c:\users\xsilll\source\repos\convert_v001\convert_v001\x64\release\convert_v001.iobj
c:\users\xsilll\source\repos\convert_v001\convert_v001\x64\release\convert_v001.tlog\cl.command.1.tlog
c:\users\xsilll\source\repos\convert_v001\convert_v001\x64\release\convert_v001.tlog\cl.items.tlog
c:\users\xsilll\source\repos\convert_v001\convert_v001\x64\release\convert_v001.tlog\cl.read.1.tlog
c:\users\xsilll\source\repos\convert_v001\convert_v001\x64\release\convert_v001.tlog\cl.write.1.tlog
c:\users\xsilll\source\repos\convert_v001\convert_v001\x64\release\convert_v001.tlog\link.command.1.tlog
c:\users\xsilll\source\repos\convert_v001\convert_v001\x64\release\convert_v001.tlog\link.read.1.tlog
c:\users\xsilll\source\repos\convert_v001\convert_v001\x64\release\convert_v001.tlog\link.secondary.1.tlog
c:\users\xsilll\source\repos\convert_v001\convert_v001\x64\release\convert_v001.tlog\link.write.1.tlog
