  imgui_impl_dx11.cpp
  imgui_impl_win32.cpp
  imgui.cpp
  imgui_demo.cpp
  imgui_draw.cpp
  imgui_tables.cpp
  imgui_widgets.cpp
  main.cpp
C:\Users\xsilll\Desktop\GG_Diplom\Convert_v001\System\Converter\Converter.h(31,26): warning C4244: инициализация: преобразование "uint64_t" в "uint32_t", возможна потеря данных
  (компиляция исходного файла "main.cpp")
  
C:\Users\xsilll\Desktop\GG_Diplom\Convert_v001\System\Inverter\Assembler.h(20,15): warning C4267: инициализация: преобразование из "size_t" в "int"; возможна потеря данных
  (компиляция исходного файла "main.cpp")
  
  Animation.cpp
C:\Users\xsilll\Desktop\GG_Diplom\Convert_v001\System\Converter\Converter.h(31,26): warning C4244: инициализация: преобразование "uint64_t" в "uint32_t", возможна потеря данных
  (компиляция исходного файла "Menu/Animation.cpp")
  
C:\Users\xsilll\Desktop\GG_Diplom\Convert_v001\System\Inverter\Assembler.h(20,15): warning C4267: инициализация: преобразование из "size_t" в "int"; возможна потеря данных
  (компиляция исходного файла "Menu/Animation.cpp")
  
  Button.cpp
C:\Users\xsilll\Desktop\GG_Diplom\Convert_v001\System\Converter\Converter.h(31,26): warning C4244: инициализация: преобразование "uint64_t" в "uint32_t", возможна потеря данных
  (компиляция исходного файла "Menu/Button.cpp")
  
C:\Users\xsilll\Desktop\GG_Diplom\Convert_v001\System\Inverter\Assembler.h(20,15): warning C4267: инициализация: преобразование из "size_t" в "int"; возможна потеря данных
  (компиляция исходного файла "Menu/Button.cpp")
  
  GuiMenu.cpp
C:\Users\xsilll\Desktop\GG_Diplom\Convert_v001\System\Converter\Converter.h(31,26): warning C4244: инициализация: преобразование "uint64_t" в "uint32_t", возможна потеря данных
  (компиляция исходного файла "Menu/GuiMenu.cpp")
  
C:\Users\xsilll\Desktop\GG_Diplom\Convert_v001\System\Inverter\Assembler.h(20,15): warning C4267: инициализация: преобразование из "size_t" в "int"; возможна потеря данных
  (компиляция исходного файла "Menu/GuiMenu.cpp")
  
C:\Users\xsilll\Desktop\GG_Diplom\Convert_v001\Menu\GuiMenu.cpp(107,24): warning C4244: инициализация: преобразование "uint64_t" в "uint32_t", возможна потеря данных
  Ico_vector.cpp
C:\Users\xsilll\Desktop\GG_Diplom\Convert_v001\System\Converter\Converter.h(31,26): warning C4244: инициализация: преобразование "uint64_t" в "uint32_t", возможна потеря данных
  (компиляция исходного файла "Menu/Ico_vector.cpp")
  
C:\Users\xsilll\Desktop\GG_Diplom\Convert_v001\System\Inverter\Assembler.h(20,15): warning C4267: инициализация: преобразование из "size_t" в "int"; возможна потеря данных
  (компиляция исходного файла "Menu/Ico_vector.cpp")
  
  Convert.cpp
C:\Users\xsilll\Desktop\GG_Diplom\Convert_v001\System\Converter\Converter.h(31,26): warning C4244: инициализация: преобразование "uint64_t" в "uint32_t", возможна потеря данных
  (компиляция исходного файла "System/Convert.cpp")
  
C:\Users\xsilll\Desktop\GG_Diplom\Convert_v001\System\Inverter\Assembler.h(20,15): warning C4267: инициализация: преобразование из "size_t" в "int"; возможна потеря данных
  (компиляция исходного файла "System/Convert.cpp")
  
  System.cpp
C:\Users\xsilll\Desktop\GG_Diplom\Convert_v001\System\Converter\Converter.h(31,26): warning C4244: инициализация: преобразование "uint64_t" в "uint32_t", возможна потеря данных
  (компиляция исходного файла "System/System.cpp")
  
C:\Users\xsilll\Desktop\GG_Diplom\Convert_v001\System\Inverter\Assembler.h(20,15): warning C4267: инициализация: преобразование из "size_t" в "int"; возможна потеря данных
  (компиляция исходного файла "System/System.cpp")
  
  Upload_FILE.cpp
C:\Users\xsilll\Desktop\GG_Diplom\Convert_v001\System\Converter\Converter.h(31,26): warning C4244: инициализация: преобразование "uint64_t" в "uint32_t", возможна потеря данных
  (компиляция исходного файла "System/Upload_FILE.cpp")
  
C:\Users\xsilll\Desktop\GG_Diplom\Convert_v001\System\Inverter\Assembler.h(20,15): warning C4267: инициализация: преобразование из "size_t" в "int"; возможна потеря данных
  (компиляция исходного файла "System/Upload_FILE.cpp")
  
  Создание кода
  Previous IPDB was built with incompatible compiler, fall back to full compilation.
C:\Users\xsilll\Desktop\GG_Diplom\Convert_v001\Menu\Animation.cpp(60): warning C4715: Logo_Anim: значение возвращается не при всех путях выполнения
  All 3009 functions were compiled because no usable IPDB/IOBJ from previous compilation was found.
  Создание кода завершено
  Convert_v001.vcxproj -> C:\Users\xsilll\Desktop\GG_Diplom\Convert_v001\x64\Release\Convert_v001.exe
